{
  "RSpec": {
    "coverage": {
      "/home/neosoft/Desktop/string_calculator/spec/string_calculator_spec.rb": {
        "lines": [
          null,
          null,
          1,
          null,
          1,
          1,
          1,
          2,
          null,
          2,
          null,
          null,
          1,
          1,
          1,
          1,
          1,
          null,
          null,
          null,
          null,
          1,
          1,
          null,
          null,
          null,
          null,
          3,
          3,
          null,
          null,
          null,
          null,
          1,
          1,
          1,
          null,
          null,
          1,
          1,
          null,
          null,
          null,
          null
        ]
      },
      "/home/neosoft/Desktop/string_calculator/lib/string_calculator.rb": {
        "lines": [
          null,
          null,
          1,
          null,
          1,
          1,
          8,
          null,
          7,
          7,
          7,
          7,
          null,
          null
        ]
      },
      "/home/neosoft/Desktop/string_calculator/lib/string_calculator/delimiter_parser.rb": {
        "lines": [
          null,
          null,
          null,
          1,
          null,
          1,
          1,
          null,
          1,
          7,
          7,
          null,
          2,
          2,
          2,
          null,
          null,
          null
        ]
      }
    },
    "timestamp": 1745706640
  }
}
